<?xml version="1.0" encoding="UTF-8"?>
<!-- Generated by org.testng.reporters.JUnitReportReporter -->
<testsuite skipped="0" hostname="DESKTOP-DI9R8GJ" name="com.qa.linkedin.testcases.searchDataDrivenTest" tests="6" failures="0" timestamp="2021-02-12T16:57:42 CST" time="70.750" errors="0">
  <testcase name="SearchDataDrivenTest" time="12.746" classname="com.qa.linkedin.testcases.searchDataDrivenTest"/>
  <testcase name="SearchDataDrivenTest" time="12.788" classname="com.qa.linkedin.testcases.searchDataDrivenTest"/>
  <testcase name="SearchDataDrivenTest" time="12.775" classname="com.qa.linkedin.testcases.searchDataDrivenTest"/>
  <testcase name="SearchDataDrivenTest" time="12.879" classname="com.qa.linkedin.testcases.searchDataDrivenTest"/>
  <testcase name="SearchDataDrivenTest" time="12.889" classname="com.qa.linkedin.testcases.searchDataDrivenTest"/>
  <testcase name="SearchDataDrivenTest" time="6.673" classname="com.qa.linkedin.testcases.searchDataDrivenTest"/>
</testsuite> <!-- com.qa.linkedin.testcases.searchDataDrivenTest -->
