<?xml version="1.0" encoding="UTF-8"?>
<!-- Generated by org.testng.reporters.JUnitReportReporter -->
<testsuite skipped="0" hostname="DESKTOP-DI9R8GJ" name="com.qa.linkedin.testcases.searchDataDrivenTest" tests="6" failures="0" timestamp="2021-02-12T19:34:15 CST" time="76.190" errors="0">
  <testcase name="SearchDataDrivenTest" time="10.086" classname="com.qa.linkedin.testcases.searchDataDrivenTest"/>
  <testcase name="SearchDataDrivenTest" time="12.892" classname="com.qa.linkedin.testcases.searchDataDrivenTest"/>
  <testcase name="SearchDataDrivenTest" time="13.575" classname="com.qa.linkedin.testcases.searchDataDrivenTest"/>
  <testcase name="SearchDataDrivenTest" time="13.209" classname="com.qa.linkedin.testcases.searchDataDrivenTest"/>
  <testcase name="SearchDataDrivenTest" time="13.148" classname="com.qa.linkedin.testcases.searchDataDrivenTest"/>
  <testcase name="SearchDataDrivenTest" time="13.280" classname="com.qa.linkedin.testcases.searchDataDrivenTest"/>
</testsuite> <!-- com.qa.linkedin.testcases.searchDataDrivenTest -->
